[2026-02-09 03:53:13] ‚ñ∂ Intentando iniciar servidor 'Servidor PvP'
[2026-02-09 03:53:13] Ejecutando comando Python:
[2026-02-09 03:53:13] "C:\Program Files\Python312\python.exe" "D:\xampp\htdocs\pal1\pages/../start_palworld.py" "D:/Juegos/Steam/steamapps/common/PalServer/PalServer.exe" "-port=8085 -players=32 -useperfthreads -NoAsyncLoadingThread -UseMultithreadForDS -publiclobby -publicip=26.77.224.126 -publicport=8085 -logformat=json queryport=27015" "D:\xampp\htdocs\pal1\pages/../pids/server_0.pid.json"
[2026-02-09 03:53:13] PYTHON: El sistema no puede encontrar la ruta especificada.
[2026-02-09 03:53:13] ERROR: Python termin√≥ con c√≥digo 1
[2026-02-09 03:53:13] ‚ñ∂ Intentando iniciar servidor 'Servidor PvP'
[2026-02-09 03:53:13] Ejecutando comando Python:
[2026-02-09 03:53:13] "C:\Program Files\Python312\python.exe" "D:\xampp\htdocs\pal1\pages/../start_palworld.py" "D:/Juegos/Steam/steamapps/common/PalServer/PalServer.exe" "-port=8085 -players=32 -useperfthreads -NoAsyncLoadingThread -UseMultithreadForDS -publiclobby -publicip=26.77.224.126 -publicport=8085 -logformat=json queryport=27015" "D:\xampp\htdocs\pal1\pages/../pids/server_0.pid.json"
[2026-02-09 03:53:13] PYTHON: El sistema no puede encontrar la ruta especificada.
[2026-02-09 03:53:13] ERROR: Python termin√≥ con c√≥digo 1
[04:06:14] ‚ñ∂ Iniciando servidor...
[04:06:14] "python" no se reconoce como un comando interno o externo,
[04:06:14] programa o archivo por lotes ejecutable.
[04:06:14] ‚ùå Error al iniciar servidor
[04:23:38] ‚ñ∂ Iniciando servidor...
[04:23:38] "python" no se reconoce como un comando interno o externo,
[04:23:38] programa o archivo por lotes ejecutable.
[04:23:38] ‚ùå Error al iniciar servidor
[04:23:49] ‚ñ∂ Iniciando servidor...
[04:23:49] "python" no se reconoce como un comando interno o externo,
[04:23:49] programa o archivo por lotes ejecutable.
[04:23:49] ‚ùå Error al iniciar servidor
[04:27:18] ‚ñ∂ Iniciando servidor...
[04:39:41] ‚èπ Deteniendo servidor (PID 12060)...
[04:39:42] Correcto: se termin¢ el proceso con PID 12060.
[04:39:42] üõë Servidor detenido correctamente
[04:39:44] ‚ö† No hay PID registrado
